<<<<<<< HEAD
100 40
=======
100 326
>>>>>>> fb1768884437b9ccfbe1c24f3de74025e7b42760
1781 0 0
1 0 0
0 1 0
0 0 1
0 0 0
1781 0 0
1 0 0
0 1 0
0 0 1
0 0 0
1781 0 0
1 0 0
0 1 0
0 0 1
0 0 0
1781 0 0
1 0 0
0 1 0
0 0 1
0 0 0
1781 0 0
1 0 0
0 1 0
0 0 1
0 0 0
1781 0 0
1 0 0
0 1 0
0 0 1
0 0 0
1781 0 0
1 0 0
0 1 0
0 0 1
0 0 0
1781 0 0
1 0 0
0 1 0
0 0 1
0 0 0
1781 0 0
1 0 0
0 1 0
0 0 1
0 0 0
1781 0 0
1 0 0
0 1 0
0 0 1
0 0 0
1781 0 0
1 0 0
0 1 0
0 0 1
0 0 0
1781 0 0
1 0 0
0 1 0
0 0 1
0 0 0
1781 0 0
1 0 0
0 1 0
0 0 1
0 0 0
1781 0 0
1 0 0
0 1 0
0 0 1
0 0 0
1781 0 0
1 0 0
0 1 0
0 0 1
0 0 0
1781 0 0
1 0 0
0 1 0
0 0 1
0 0 0
1781 0 0
1 0 0
0 1 0
0 0 1
0 0 0
1781 0 0
1 0 0
0 1 0
0 0 1
0 0 0
1781 0 0
1 0 0
0 1 0
0 0 1
0 0 0
1781 0 0
1 0 0
0 1 0
0 0 1
0 0 0
1781 0 0
1 0 0
0 1 0
0 0 1
0 0 0
1781 0 0
1 0 0
0 1 0
0 0 1
0 0 0
1781 0 0
1 0 0
0 1 0
0 0 1
0 0 0
1781 0 0
1 0 0
0 1 0
0 0 1
0 0 0
1781 0 0
1 0 0
0 1 0
0 0 1
0 0 0
1781 0 0
1 0 0
0 1 0
0 0 1
0 0 0
1781 0 0
1 0 0
0 1 0
0 0 1
0 0 0
1781 0 0
1 0 0
0 1 0
0 0 1
0 0 0
1781 0 0
1 0 0
0 1 0
0 0 1
0 0 0
1781 0 0
1 0 0
0 1 0
0 0 1
0 0 0
1781 0 0
1 0 0
0 1 0
0 0 1
0 0 0
1781 0 0
1 0 0
0 1 0
0 0 1
0 0 0
1781 0 0
1 0 0
0 1 0
0 0 1
0 0 0
1781 0 0
1 0 0
0 1 0
0 0 1
0 0 0
1781 0 0
1 0 0
0 1 0
0 0 1
0 0 0
1781 0 0
1 0 0
0 1 0
0 0 1
0 0 0
1781 0 0
1 0 0
0 1 0
0 0 1
0 0 0
1781 0 0
1 0 0
0 1 0
0 0 1
0 0 0
1781 0 0
1 0 0
0 1 0
0 0 1
0 0 0
1781 0 0
1 0 0
0 1 0
0 0 1
0 0 0
1781 0 0
1 0 0
0 1 0
0 0 1
0 0 0
1781 0 0
1 0 0
0 1 0
0 0 1
0 0 0
1781 0 0
1 0 0
0 1 0
0 0 1
0 0 0
1781 0 0
1 0 0
0 1 0
0 0 1
0 0 0
1781 0 0
1 0 0
0 1 0
0 0 1
0 0 0
1781 0 0
1 0 0
0 1 0
0 0 1
0 0 0
1781 0 0
1 0 0
0 1 0
0 0 1
0 0 0
1781 0 0
1 0 0
0 1 0
0 0 1
0 0 0
1781 0 0
1 0 0
0 1 0
0 0 1
0 0 0
1781 0 0
1 0 0
0 1 0
0 0 1
0 0 0
1781 0 0
1 0 0
0 1 0
0 0 1
0 0 0
1781 0 0
1 0 0
0 1 0
0 0 1
0 0 0
1781 0 0
1 0 0
0 1 0
0 0 1
0 0 0
1781 0 0
1 0 0
0 1 0
0 0 1
0 0 0
1781 0 0
1 0 0
0 1 0
0 0 1
0 0 0
1781 0 0
1 0 0
0 1 0
0 0 1
0 0 0
1781 0 0
1 0 0
0 1 0
0 0 1
0 0 0
1781 0 0
1 0 0
0 1 0
0 0 1
0 0 0
1781 0 0
1 0 0
0 1 0
0 0 1
0 0 0
1781 0 0
1 0 0
0 1 0
0 0 1
0 0 0
1781 0 0
1 0 0
0 1 0
0 0 1
0 0 0
1781 0 0
1 0 0
0 1 0
0 0 1
0 0 0
1781 0 0
1 0 0
0 1 0
0 0 1
0 0 0
1781 0 0
1 0 0
0 1 0
0 0 1
0 0 0
1781 0 0
1 0 0
0 1 0
0 0 1
0 0 0
1781 0 0
1 0 0
0 1 0
0 0 1
0 0 0
1781 0 0
1 0 0
0 1 0
0 0 1
0 0 0
1781 0 0
1 0 0
0 1 0
0 0 1
0 0 0
1781 0 0
1 0 0
0 1 0
0 0 1
0 0 0
1781 0 0
1 0 0
0 1 0
0 0 1
0 0 0
1781 0 0
1 0 0
0 1 0
0 0 1
0 0 0
1781 0 0
1 0 0
0 1 0
0 0 1
0 0 0
1781 0 0
1 0 0
0 1 0
0 0 1
0 0 0
1781 0 0
1 0 0
0 1 0
0 0 1
0 0 0
1781 0 0
1 0 0
0 1 0
0 0 1
0 0 0
1781 0 0
1 0 0
0 1 0
0 0 1
0 0 0
1781 0 0
1 0 0
0 1 0
0 0 1
0 0 0
1781 0 0
1 0 0
0 1 0
0 0 1
0 0 0
1781 0 0
1 0 0
0 1 0
0 0 1
0 0 0
1781 0 0
1 0 0
0 1 0
0 0 1
0 0 0
1781 0 0
1 0 0
0 1 0
0 0 1
0 0 0
1781 0 0
1 0 0
0 1 0
0 0 1
0 0 0
1781 0 0
1 0 0
0 1 0
0 0 1
0 0 0
1781 0 0
1 0 0
0 1 0
0 0 1
0 0 0
1781 0 0
1 0 0
0 1 0
0 0 1
0 0 0
1781 0 0
1 0 0
0 1 0
0 0 1
0 0 0
1781 0 0
1 0 0
0 1 0
0 0 1
0 0 0
1781 0 0
1 0 0
0 1 0
0 0 1
0 0 0
1781 0 0
1 0 0
0 1 0
0 0 1
0 0 0
1781 0 0
1 0 0
0 1 0
0 0 1
0 0 0
1781 0 0
1 0 0
0 1 0
0 0 1
0 0 0
1781 0 0
1 0 0
0 1 0
0 0 1
0 0 0
1781 0 0
1 0 0
0 1 0
0 0 1
0 0 0
1781 0 0
1 0 0
0 1 0
0 0 1
0 0 0
1781 0 0
1 0 0
0 1 0
0 0 1
0 0 0
1781 0 0
1 0 0
0 1 0
0 0 1
0 0 0
1781 0 0
1 0 0
0 1 0
0 0 1
0 0 0
1781 0 0
1 0 0
0 1 0
0 0 1
0 0 0
1781 0 0
1 0 0
0 1 0
0 0 1
0 0 0
1781 0 0
1 0 0
0 1 0
0 0 1
0 0 0
-0.109943 -0.047409 0.259007
 0 0 0
0 0 204 470 1 1 203 467 2 2 204 466 3 3 202 466 4 4 200 466 5 5 199 467 6 6 199 468 7 7 198 469 8 8 196 471 9 9 192 471 10 10 191 471 11 11 191 470 12 12 189 470 13 13 189 470 14 14 190 470 15 15 191 470 16 16 188 471 17 17 184 470 18 18 184 470 19 19 183 471 20 20 182 470 21 21 182 469 22 22 181 470 23 23 179 473 24 24 177 474 25 25 176 476 26 26 175 477 27 27 175 478 28 28 173 476 29 29 172 477 30 30 174 476 31 31 175 476 32 32 175 477 33 33 177 479 34 34 177 482 35 35 178 483 36 36 177 483 37 37 175 481 38 38 176 481 39 39 177 483 40 40 176 486 41 41 175 489 42 42 173 492 43 43 171 492 44 44 170 492 45 45 171 492 46 46 172 490 47 47 169 489 48 48 167 490 49 49 167 492 50 50 169 493 51 51 172 494 52 52 173 496 53 53 172 494 54 54 174 494 55 55 175 493 56 56 174 492 57 57 173 493 58 58 173 493 59 59 174 490 60 60 175 489 61 61 178 488 62 62 177 489 63 63 177 493 64 64 176 495 65 65 175 499 66 66 177 501 67 67 176 502 68 68 175 503 69 69 178 502 70 70 182 499 71 71 186 496 72 72 187 495 73 73 186 496 74 74 186 497 75 75 187 500 76 76 187 500 77 77 188 499 78 78 186 499 79 79 186 497 80 80 186 492 81 81 186 491 82 82 184 491 83 83 185 492 84 84 187 494 85 85 184 497 86 86 181 499 87 87 178 500 88 88 180 502 89 89 182 501 90 90 180 499 91 91 181 501 92 92 185 505 93 93 180 501 94 94 173 492 95 95 177 489 96 96 186 492 97 97 189 494 98 98 191 495 99 99 194 493 
-0.173570 -0.086886 0.358202
 0 0 0
0 100 609 364 1 101 608 361 2 102 609 360 3 103 607 359 4 104 606 359 5 105 605 361 6 106 605 362 7 107 604 364 8 108 602 366 9 109 599 367 10 110 598 366 11 111 598 366 12 112 597 365 13 113 596 366 14 114 597 365 15 115 597 365 16 116 595 366 17 117 591 366 18 118 591 366 19 119 590 366 20 120 589 366 21 121 588 365 22 122 587 366 23 123 585 368 24 124 583 370 25 125 582 372 26 126 581 373 27 127 581 374 28 128 579 372 29 129 578 372 30 130 580 372 31 131 581 371 32 132 582 372 33 133 583 373 34 134 584 376 35 135 585 377 36 136 584 378 37 137 583 376 38 138 584 377 39 139 585 380 40 140 584 383 41 141 584 386 42 142 583 389 43 143 581 390 44 144 580 390 45 145 581 389 46 146 581 387 47 147 579 385 48 148 577 386 49 149 577 387 50 150 579 388 51 151 582 390 52 152 583 391 53 153 582 389 54 154 584 388 55 155 585 388 56 156 584 386 57 157 584 386 58 158 583 386 59 159 583 383 60 160 584 381 61 161 586 379 62 162 585 380 63 163 584 383 64 164 583 384 65 165 582 389 66 166 582 390 67 167 581 391 68 168 579 389 69 169 580 388 70 170 584 384 71 171 587 380 72 172 588 379 73 173 587 380 74 174 587 381 75 175 588 383 76 176 587 383 77 177 588 382 78 178 587 382 79 179 587 381 80 180 587 376 81 181 586 374 82 182 584 374 83 183 585 375 84 184 587 379 85 185 585 382 86 186 582 384 87 187 579 385 88 188 580 387 89 189 581 386 90 190 580 385 91 191 580 387 92 192 584 390 93 193 581 388 94 194 575 380 95 195 577 375 96 196 585 376 97 197 588 377 98 198 590 378 99 199 593 378 
-0.131365 -0.081075 0.271417
 5 11 28
0 200 610 264 1 201 609 261 2 202 610 260 3 203 608 259 4 204 607 259 5 205 606 261 6 206 606 262 7 207 605 264 8 208 603 266 9 209 601 266 10 210 600 266 11 211 600 266 12 212 598 265 13 213 598 266 14 214 598 265 15 215 599 265 16 216 596 266 17 217 593 266 18 218 593 266 19 219 591 266 20 220 590 266 21 221 590 265 22 222 589 265 23 223 587 268 24 224 585 270 25 225 584 272 26 226 582 273 27 227 583 275 28 228 581 272 29 229 579 272 30 230 581 272 31 231 583 271 32 232 583 272 33 233 584 273 34 234 585 276 35 235 586 278 36 236 586 278 37 237 585 277 38 238 586 277 39 239 587 280 40 240 586 284 41 241 586 287 42 242 585 290 43 243 583 291 44 244 582 291 45 245 582 290 46 246 583 288 47 247 581 286 48 248 578 286 49 249 578 288 50 250 580 289 51 251 583 291 52 252 584 292 53 253 583 290 54 254 585 289 55 255 586 289 56 256 585 287 57 257 585 287 58 258 584 286 59 259 584 283 60 260 585 281 61 261 587 280 62 262 586 280 63 263 585 283 64 264 584 285 65 265 582 289 66 266 583 291 67 267 581 291 68 268 579 290 69 269 580 288 70 270 583 285 71 271 586 281 72 272 587 279 73 273 586 280 74 274 586 280 75 275 587 282 76 276 586 282 77 277 587 282 78 278 586 282 79 279 586 281 80 280 586 276 81 281 585 274 82 282 583 273 83 283 584 275 84 284 586 278 85 285 584 282 86 286 582 284 87 287 578 285 88 288 579 286 89 289 581 286 90 290 580 285 91 291 580 287 92 292 583 291 93 293 581 289 94 294 575 280 95 295 577 275 96 296 584 275 97 297 587 277 98 298 588 278 99 299 592 278 
-0.204117 -0.123463 0.421242
 247 250 255
0 300 609 274 1 301 608 271 2 302 609 270 3 303 607 269 4 304 606 269 5 305 605 271 6 306 605 272 7 307 604 274 8 308 603 276 9 309 600 277 10 310 599 276 11 311 599 276 12 312 597 275 13 313 596 276 14 314 597 275 15 315 598 275 16 316 595 276 17 317 592 276 18 318 592 276 19 319 590 276 20 320 589 276 21 321 589 275 22 322 588 276 23 323 586 278 24 324 584 280 25 325 583 282 26 326 581 283 27 327 581 285 28 328 580 282 29 329 578 282 30 330 580 282 31 331 582 281 32 332 582 282 33 333 583 283 34 334 584 286 35 335 585 288 36 336 585 288 37 337 584 287 38 338 585 287 39 339 586 290 40 340 585 293 41 341 585 297 42 342 583 300 43 343 581 301 44 344 580 301 45 345 581 300 46 346 582 298 47 347 580 295 48 348 577 296 49 349 577 298 50 350 579 299 51 351 582 300 52 352 583 302 53 353 582 300 54 354 584 299 55 355 585 299 56 356 584 297 57 357 584 297 58 358 583 296 59 359 583 293 60 360 584 291 61 361 586 290 62 362 585 290 63 363 584 293 64 364 583 295 65 365 581 299 66 366 582 301 67 367 580 301 68 368 578 300 69 369 579 298 70 370 582 295 71 371 586 291 72 372 586 289 73 373 585 290 74 374 586 291 75 375 586 293 76 376 586 293 77 377 586 292 78 378 585 292 79 379 585 291 80 380 585 286 81 381 585 284 82 382 583 284 83 383 583 285 84 384 585 288 85 385 583 292 86 386 581 294 87 387 578 295 88 388 578 296 89 389 580 296 90 390 579 295 91 391 579 297 92 392 582 301 93 393 580 299 94 394 574 290 95 395 576 285 96 396 583 286 97 397 586 287 98 398 588 288 99 399 591 288 
-0.187998 -0.081550 0.452465
 143 147 151
0 400 220 475 1 401 219 472 2 402 220 471 3 403 218 471 4 404 216 471 5 405 215 472 6 406 215 473 7 407 214 474 8 408 212 476 9 409 209 477 10 410 207 476 11 411 207 476 12 412 205 475 13 413 205 475 14 414 207 475 15 415 207 475 16 416 204 476 17 417 200 475 18 418 200 475 19 419 199 476 20 420 199 475 21 421 198 474 22 422 197 476 23 423 195 478 24 424 194 479 25 425 192 481 26 426 191 482 27 427 192 483 28 428 189 481 29 429 188 482 30 430 190 482 31 431 192 481 32 432 192 483 33 433 193 484 34 434 194 487 35 435 194 488 36 436 193 488 37 437 192 486 38 438 193 486 39 439 193 488 40 440 192 491 41 441 192 494 42 442 190 497 43 443 187 497 44 444 187 497 45 445 188 497 46 446 188 495 47 447 186 494 48 448 183 495 49 449 183 497 50 450 186 498 51 451 189 499 52 452 190 501 53 453 189 499 54 454 191 499 55 455 191 498 56 456 190 497 57 457 190 498 58 458 190 497 59 459 190 495 60 460 192 493 61 461 195 493 62 462 194 494 63 463 194 497 64 464 193 499 65 465 192 504 66 466 193 506 67 467 192 507 68 468 191 507 69 469 194 507 70 470 198 503 71 471 202 500 72 472 203 499 73 473 202 500 74 474 203 502 75 475 204 504 76 476 203 504 77 477 204 504 78 478 203 503 79 479 203 502 80 480 203 497 81 481 202 495 82 482 200 495 83 483 201 496 84 484 203 499 85 485 200 502 86 486 197 504 87 487 195 505 88 488 196 506 89 489 198 505 90 490 196 504 91 491 197 506 92 492 201 509 93 493 196 506 94 494 189 497 95 495 193 494 96 496 202 496 97 497 205 499 98 498 207 500 99 499 210 498 
-0.118605 -0.080219 0.279043
 0 0 0
0 500 715 284 1 501 714 281 2 502 715 280 3 503 713 279 4 504 712 279 5 505 711 281 6 506 711 283 7 507 710 284 8 508 709 286 9 509 706 287 10 510 705 287 11 511 705 287 12 512 703 286 13 513 703 287 14 514 704 286 15 515 704 286 16 516 701 286 17 517 698 287 18 518 698 287 19 519 696 287 20 520 695 287 21 521 695 286 22 522 694 286 23 523 692 288 24 524 690 291 25 525 689 293 26 526 687 294 27 527 688 295 28 528 686 293 29 529 684 293 30 530 686 293 31 531 688 291 32 532 688 293 33 533 689 294 34 534 690 297 35 535 691 298 36 536 691 299 37 537 690 298 38 538 691 298 39 539 691 301 40 540 691 304 41 541 690 308 42 542 689 311 43 543 687 312 44 544 686 312 45 545 687 311 46 546 687 308 47 547 685 306 48 548 683 307 49 549 683 309 50 550 685 310 51 551 688 311 52 552 689 312 53 553 688 310 54 554 690 309 55 555 691 309 56 556 690 307 57 557 689 307 58 558 689 306 59 559 689 303 60 560 690 301 61 561 692 300 62 562 690 299 63 563 689 302 64 564 689 304 65 565 687 309 66 566 687 310 67 567 686 310 68 568 684 309 69 569 685 307 70 570 688 303 71 571 691 299 72 572 692 297 73 573 691 298 74 574 691 299 75 575 692 300 76 576 692 300 77 577 692 300 78 578 691 300 79 579 691 299 80 580 691 294 81 581 691 292 82 582 689 292 83 583 689 293 84 584 691 297 85 585 689 300 86 586 687 303 87 587 684 303 88 588 684 305 89 589 686 305 90 590 685 303 91 591 685 306 92 592 688 309 93 593 686 307 94 594 680 299 95 595 682 294 96 596 689 294 97 597 692 295 98 598 694 296 99 599 697 297 
-0.137409 -0.093177 0.322856
 0 0 0
0 600 714 282 1 601 713 279 2 602 714 278 3 603 712 277 4 604 711 277 5 605 710 279 6 606 710 281 7 607 710 282 8 608 708 284 9 609 705 285 10 610 704 285 11 611 704 285 12 612 702 284 13 613 702 285 14 614 703 284 15 615 703 284 16 616 700 284 17 617 697 285 18 618 697 285 19 619 695 285 20 620 694 285 21 621 694 284 22 622 693 284 23 623 691 286 24 624 689 289 25 625 688 291 26 626 686 292 27 627 687 293 28 628 685 291 29 629 683 291 30 630 685 291 31 631 687 289 32 632 687 291 33 633 688 292 34 634 689 295 35 635 690 296 36 636 690 297 37 637 689 296 38 638 690 296 39 639 690 299 40 640 690 302 41 641 689 306 42 642 688 309 43 643 686 310 44 644 685 310 45 645 686 309 46 646 686 306 47 647 684 304 48 648 682 305 49 649 682 307 50 650 684 308 51 651 687 309 52 652 688 310 53 653 687 308 54 654 689 307 55 655 690 307 56 656 689 305 57 657 688 305 58 658 688 304 59 659 688 301 60 660 689 299 61 661 691 298 62 662 689 297 63 663 688 300 64 664 688 302 65 665 686 307 66 666 687 308 67 667 685 308 68 668 683 307 69 669 684 305 70 670 687 301 71 671 690 297 72 672 691 295 73 673 690 296 74 674 690 297 75 675 691 298 76 676 691 298 77 677 691 298 78 678 690 298 79 679 690 297 80 680 690 292 81 681 690 290 82 682 688 290 83 683 688 291 84 684 690 295 85 685 688 298 86 686 686 301 87 687 683 301 88 688 683 303 89 689 685 303 90 690 684 301 91 691 684 304 92 692 687 307 93 693 685 305 94 694 679 297 95 695 681 292 96 696 688 292 97 697 691 293 98 698 693 294 99 699 696 295 
-0.116250 -0.049903 0.252490
 0 0 0
0 700 396 444 1 701 395 441 2 702 396 440 3 703 394 440 4 704 392 440 5 705 391 441 6 706 391 442 7 707 391 444 8 708 388 446 9 709 385 446 10 710 384 445 11 711 384 445 12 712 382 444 13 713 382 445 14 714 383 445 15 715 384 445 16 716 381 445 17 717 377 445 18 718 377 445 19 719 376 446 20 720 375 445 21 721 375 444 22 722 374 445 23 723 372 447 24 724 370 449 25 725 369 451 26 726 367 452 27 727 368 453 28 728 365 451 29 729 365 451 30 730 367 451 31 731 368 450 32 732 368 452 33 733 370 453 34 734 371 456 35 735 371 457 36 736 371 457 37 737 369 455 38 738 370 455 39 739 371 458 40 740 370 461 41 741 370 464 42 742 368 466 43 743 366 467 44 744 365 467 45 745 366 466 46 746 367 465 47 747 364 463 48 748 364 448 49 749 364 450 50 750 365 467 51 751 367 468 52 752 369 469 53 753 368 467 54 754 370 467 55 755 370 466 56 756 370 465 57 757 369 466 58 758 369 465 59 759 369 463 60 760 370 461 61 761 372 461 62 762 371 462 63 763 371 465 64 764 370 467 65 765 369 471 66 766 370 473 67 767 369 474 68 768 367 473 69 769 370 473 70 770 373 470 71 771 377 466 72 772 378 465 73 773 377 466 74 774 377 468 75 775 378 470 76 776 378 470 77 777 378 469 78 778 377 469 79 779 377 468 80 780 377 463 81 781 377 462 82 782 375 462 83 783 376 463 84 784 377 466 85 785 374 469 86 786 372 470 87 787 368 471 88 788 370 473 89 789 371 472 90 790 370 471 91 791 370 473 92 792 373 476 93 793 369 473 94 794 363 454 95 795 367 461 96 796 375 463 97 797 378 465 98 798 380 466 99 799 383 465 
-0.173390 -0.121811 0.410103
 0 0 0
0 800 719 267 1 801 718 264 2 802 719 263 3 803 717 262 4 804 716 262 5 805 715 264 6 806 715 266 7 807 714 267 8 808 713 269 9 809 710 270 10 810 709 270 11 811 709 270 12 812 707 269 13 813 707 270 14 814 708 269 15 815 708 269 16 816 705 269 17 817 702 270 18 818 702 270 19 819 700 270 20 820 700 270 21 821 699 269 22 822 698 269 23 823 696 271 24 824 694 274 25 825 693 276 26 826 691 277 27 827 692 279 28 828 690 276 29 829 689 276 30 830 690 276 31 831 692 275 32 832 692 276 33 833 693 277 34 834 694 280 35 835 695 281 36 836 695 282 37 837 694 281 38 838 695 281 39 839 696 284 40 840 695 288 41 841 694 291 42 842 693 294 43 843 691 295 44 844 690 295 45 845 691 294 46 846 691 291 47 847 689 289 48 848 687 290 49 849 687 292 50 850 689 293 51 851 692 294 52 852 693 295 53 853 692 293 54 854 694 292 55 855 695 292 56 856 694 290 57 857 693 290 58 858 693 290 59 859 693 286 60 860 693 284 61 861 695 283 62 862 694 282 63 863 693 285 64 864 693 287 65 865 691 292 66 866 691 293 67 867 690 293 68 868 688 292 69 869 689 290 70 870 692 286 71 871 695 282 72 872 696 280 73 873 695 281 74 874 695 282 75 875 696 284 76 876 695 284 77 877 696 283 78 878 695 283 79 879 695 282 80 880 695 278 81 881 695 275 82 882 693 275 83 883 693 277 84 884 695 280 85 885 693 284 86 886 691 286 87 887 688 287 88 888 688 288 89 889 690 288 90 890 689 287 91 891 689 289 92 892 692 292 93 893 690 291 94 894 684 282 95 895 686 277 96 896 693 277 97 897 696 278 98 898 697 280 99 899 701 280 
-0.210267 -0.070853 0.408382
 0 0 0
0 900 43 487 1 901 42 484 2 902 42 483 3 903 40 483 4 904 39 483 5 905 38 484 6 906 37 485 7 907 37 486 8 908 34 488 9 909 31 488 10 910 30 487 11 911 30 487 12 912 28 486 13 913 27 487 14 914 29 486 15 915 29 486 16 916 26 487 17 917 22 486 18 918 22 486 19 919 21 487 20 920 20 486 21 921 20 485 22 922 19 487 23 923 17 489 24 924 15 490 25 925 14 492 26 926 13 493 27 927 13 494 28 928 11 492 29 929 10 493 30 930 12 493 31 931 13 492 32 932 13 494 33 933 15 496 34 934 16 498 35 935 16 499 36 936 15 499 37 937 14 497 38 938 14 496 39 939 15 499 40 940 14 501 41 941 13 505 42 942 11 507 43 943 9 508 44 944 8 508 45 945 9 508 46 946 10 506 47 947 7 505 48 948 4 507 49 949 5 508 50 950 7 509 51 951 10 511 52 952 12 513 53 953 10 511 54 954 13 511 55 955 13 510 56 956 13 509 57 957 12 510 58 958 12 509 59 959 12 507 60 960 14 506 61 961 17 506 62 962 16 507 63 963 16 511 64 964 15 513 65 965 14 518 66 966 16 519 67 967 14 521 68 968 14 521 69 969 17 521 70 970 21 518 71 971 25 515 72 972 26 514 73 973 25 515 74 974 25 517 75 975 26 520 76 976 26 519 77 977 27 519 78 978 25 518 79 979 25 516 80 980 25 511 81 981 25 510 82 982 22 510 83 983 24 511 84 984 25 513 85 985 23 516 86 986 20 518 87 987 17 519 88 988 19 521 89 989 20 520 90 990 19 518 91 991 19 520 92 992 23 524 93 993 18 519 94 994 11 510 95 995 15 508 96 996 25 511 97 997 28 514 98 998 30 515 99 999 33 512 
-0.164282 -0.081577 0.334767
 0 0 0
0 1000 598 362 1 1001 597 359 2 1002 598 357 3 1003 596 357 4 1004 595 357 5 1005 594 359 6 1006 594 360 7 1007 593 362 8 1008 591 364 9 1009 588 365 10 1010 587 364 11 1011 587 364 12 1012 586 363 13 1013 585 364 14 1014 586 363 15 1015 586 363 16 1016 584 364 17 1017 580 364 18 1018 580 364 19 1019 579 364 20 1020 578 364 21 1021 577 363 22 1022 576 363 23 1023 574 366 24 1024 572 368 25 1025 571 370 26 1026 570 371 27 1027 570 372 28 1028 568 370 29 1029 567 370 30 1030 569 370 31 1031 570 369 32 1032 571 370 33 1033 572 371 34 1034 573 374 35 1035 574 375 36 1036 573 376 37 1037 572 374 38 1038 573 375 39 1039 574 378 40 1040 573 381 41 1041 573 384 42 1042 571 387 43 1043 569 388 44 1044 568 388 45 1045 569 387 46 1046 570 385 47 1047 568 383 48 1048 566 384 49 1049 566 385 50 1050 568 386 51 1051 571 388 52 1052 572 389 53 1053 571 387 54 1054 573 386 55 1055 574 386 56 1056 573 384 57 1057 572 384 58 1058 572 384 59 1059 572 381 60 1060 573 379 61 1061 575 377 62 1062 574 378 63 1063 573 381 64 1064 572 382 65 1065 571 387 66 1066 572 389 67 1067 570 389 68 1068 568 387 69 1069 570 386 70 1070 573 382 71 1071 576 379 72 1072 577 377 73 1073 576 378 74 1074 576 379 75 1075 577 381 76 1076 577 381 77 1077 577 380 78 1078 576 380 79 1079 576 379 80 1080 576 374 81 1081 575 372 82 1082 573 372 83 1083 574 373 84 1084 576 377 85 1085 574 380 86 1086 571 382 87 1087 568 383 88 1088 569 385 89 1089 571 384 90 1090 570 383 91 1091 570 385 92 1092 573 389 93 1093 570 386 94 1094 568 364 95 1095 566 373 96 1096 574 374 97 1097 577 375 98 1098 579 377 99 1099 582 376 
-0.135540 -0.067537 0.277149
 0 0 0
0 1100 601 362 1 1101 600 359 2 1102 601 357 3 1103 599 357 4 1104 598 357 5 1105 597 359 6 1106 597 360 7 1107 596 362 8 1108 594 364 9 1109 591 365 10 1110 590 364 11 1111 590 364 12 1112 589 363 13 1113 588 364 14 1114 589 363 15 1115 589 363 16 1116 587 364 17 1117 583 364 18 1118 583 364 19 1119 582 364 20 1120 581 364 21 1121 580 363 22 1122 579 364 23 1123 578 366 24 1124 576 368 25 1125 574 370 26 1126 573 371 27 1127 573 372 28 1128 571 370 29 1129 570 370 30 1130 572 370 31 1131 574 369 32 1132 574 370 33 1133 575 371 34 1134 576 374 35 1135 577 375 36 1136 576 376 37 1137 575 374 38 1138 576 375 39 1139 577 378 40 1140 576 381 41 1141 576 384 42 1142 575 387 43 1143 573 388 44 1144 572 388 45 1145 572 387 46 1146 573 385 47 1147 571 383 48 1148 569 384 49 1149 569 385 50 1150 571 386 51 1151 574 388 52 1152 575 389 53 1153 574 387 54 1154 576 386 55 1155 577 386 56 1156 576 384 57 1157 575 385 58 1158 575 384 59 1159 575 381 60 1160 576 379 61 1161 578 377 62 1162 577 378 63 1163 576 381 64 1164 575 382 65 1165 574 387 66 1166 574 388 67 1167 573 389 68 1168 571 387 69 1169 573 386 70 1170 576 382 71 1171 579 378 72 1172 580 377 73 1173 579 378 74 1174 579 379 75 1175 580 381 76 1176 580 381 77 1177 580 380 78 1178 579 380 79 1179 579 379 80 1180 579 374 81 1181 578 372 82 1182 576 372 83 1183 577 373 84 1184 579 377 85 1185 577 380 86 1186 574 382 87 1187 571 383 88 1188 572 385 89 1189 574 384 90 1190 573 383 91 1191 573 385 92 1192 576 389 93 1193 573 386 94 1194 567 378 95 1195 569 373 96 1196 577 374 97 1197 580 375 98 1198 582 376 99 1199 585 376 
-0.165500 -0.099454 0.341944
 200 203 210
0 1200 610 278 1 1201 609 275 2 1202 610 274 3 1203 608 273 4 1204 607 273 5 1205 606 275 6 1206 606 276 7 1207 605 278 8 1208 604 280 9 1209 601 281 10 1210 600 280 11 1211 600 280 12 1212 598 279 13 1213 597 280 14 1214 598 279 15 1215 599 279 16 1216 596 280 17 1217 593 280 18 1218 593 280 19 1219 591 280 20 1220 590 280 21 1221 590 279 22 1222 589 280 23 1223 587 282 24 1224 585 284 25 1225 584 286 26 1226 582 287 27 1227 582 289 28 1228 580 286 29 1229 579 286 30 1230 581 286 31 1231 583 285 32 1232 583 286 33 1233 584 287 34 1234 585 290 35 1235 586 292 36 1236 586 292 37 1237 585 291 38 1238 586 291 39 1239 587 294 40 1240 586 298 41 1241 586 301 42 1242 584 304 43 1243 582 305 44 1244 581 305 45 1245 582 304 46 1246 583 302 47 1247 581 299 48 1248 578 300 49 1249 578 302 50 1250 580 303 51 1251 583 304 52 1252 584 306 53 1253 583 304 54 1254 585 303 55 1255 586 303 56 1256 585 301 57 1257 585 301 58 1258 584 300 59 1259 584 297 60 1260 585 295 61 1261 587 294 62 1262 586 294 63 1263 585 297 64 1264 584 299 65 1265 582 303 66 1266 583 305 67 1267 581 305 68 1268 579 304 69 1269 580 302 70 1270 583 299 71 1271 587 295 72 1272 587 293 73 1273 586 294 74 1274 587 295 75 1275 587 297 76 1276 587 297 77 1277 587 296 78 1278 586 296 79 1279 586 295 80 1280 586 290 81 1281 586 288 82 1282 584 287 83 1283 584 289 84 1284 586 292 85 1285 584 296 86 1286 582 298 87 1287 579 299 88 1288 579 300 89 1289 581 300 90 1290 580 299 91 1291 580 301 92 1292 583 305 93 1293 581 303 94 1294 575 294 95 1295 577 289 96 1296 584 290 97 1297 587 291 98 1298 589 292 99 1299 592 292 
-0.144722 -0.101539 0.346439
 0 0 0
0 1300 728 274 1 1301 727 272 2 1302 728 270 3 1303 726 269 4 1304 725 269 5 1305 724 271 6 1306 724 273 7 1307 723 274 8 1308 722 276 9 1309 719 277 10 1310 718 277 11 1311 718 277 12 1312 716 276 13 1313 716 277 14 1314 717 276 15 1315 717 276 16 1316 714 276 17 1317 711 277 18 1318 711 277 19 1319 709 277 20 1320 709 277 21 1321 708 276 22 1322 707 276 23 1323 705 279 24 1324 703 281 25 1325 702 283 26 1326 700 284 27 1327 701 286 28 1328 699 283 29 1329 698 283 30 1330 699 283 31 1331 701 282 32 1332 701 283 33 1333 702 284 34 1334 703 287 35 1335 704 288 36 1336 704 289 37 1337 703 288 38 1338 704 288 39 1339 704 291 40 1340 704 295 41 1341 703 298 42 1342 702 301 43 1343 700 302 44 1344 699 302 45 1345 699 301 46 1346 700 298 47 1347 698 296 48 1348 696 297 49 1349 696 298 50 1350 698 300 51 1351 700 301 52 1352 701 302 53 1353 701 300 54 1354 702 299 55 1355 703 299 56 1356 703 297 57 1357 702 297 58 1358 702 296 59 1359 702 293 60 1360 702 291 61 1361 704 290 62 1362 703 290 63 1363 702 293 64 1364 702 294 65 1365 700 299 66 1366 700 300 67 1367 699 300 68 1368 697 299 69 1369 698 297 70 1370 701 293 71 1371 705 289 72 1372 705 287 73 1373 704 288 74 1374 705 289 75 1375 705 291 76 1376 705 291 77 1377 705 290 78 1378 705 290 79 1379 704 289 80 1380 704 285 81 1381 704 282 82 1382 702 282 83 1383 703 284 84 1384 705 287 85 1385 703 291 86 1386 700 293 87 1387 697 294 88 1388 698 295 89 1389 699 295 90 1390 699 294 91 1391 698 296 92 1392 702 299 93 1393 699 298 94 1394 694 290 95 1395 695 284 96 1396 702 284 97 1397 705 285 98 1398 707 287 99 1399 711 287 
-0.218560 -0.068540 0.426816
 0 0 0
0 1400 48 510 1 1401 47 507 2 1402 48 506 3 1403 45 506 4 1404 43 506 5 1405 42 507 6 1406 42 508 7 1407 42 509 8 1408 39 511 9 1409 36 511 10 1410 35 510 11 1411 35 510 12 1412 33 509 13 1413 32 510 14 1414 34 509 15 1415 34 509 16 1416 31 510 17 1417 27 509 18 1418 27 509 19 1419 26 510 20 1420 25 509 21 1421 25 508 22 1422 24 510 23 1423 22 512 24 1424 20 513 25 1425 19 515 26 1426 18 516 27 1427 18 517 28 1428 15 515 29 1429 15 516 30 1430 17 516 31 1431 18 515 32 1432 18 517 33 1433 20 519 34 1434 20 521 35 1435 21 522 36 1436 20 522 37 1437 19 520 38 1438 19 519 39 1439 20 522 40 1440 19 524 41 1441 18 528 42 1442 16 530 43 1443 14 531 44 1444 13 531 45 1445 14 531 46 1446 15 529 47 1447 12 528 48 1448 9 530 49 1449 10 531 50 1450 13 532 51 1451 15 534 52 1452 17 536 53 1453 16 534 54 1454 18 534 55 1455 18 533 56 1456 18 532 57 1457 17 533 58 1458 17 532 59 1459 17 530 60 1460 19 529 61 1461 22 529 62 1462 21 530 63 1463 21 534 64 1464 20 536 65 1465 19 540 66 1466 21 542 67 1467 19 543 68 1468 19 544 69 1469 22 544 70 1470 26 541 71 1471 30 538 72 1472 31 537 73 1473 30 538 74 1474 31 540 75 1475 32 542 76 1476 31 542 77 1477 32 541 78 1478 30 541 79 1479 30 539 80 1480 30 534 81 1481 30 532 82 1482 28 533 83 1483 29 534 84 1484 31 536 85 1485 28 539 86 1486 25 541 87 1487 22 542 88 1488 24 544 89 1489 25 543 90 1490 24 541 91 1491 24 543 92 1492 21 546 93 1493 23 542 94 1494 16 533 95 1495 20 530 96 1496 30 533 97 1497 33 536 98 1498 35 537 99 1499 38 535 
-0.124846 -0.076472 0.257947
 9 15 32
0 1500 610 268 1 1501 609 265 2 1502 610 264 3 1503 608 263 4 1504 607 263 5 1505 606 265 6 1506 606 266 7 1507 605 268 8 1508 604 270 9 1509 601 271 10 1510 600 270 11 1511 600 270 12 1512 598 269 13 1513 598 270 14 1514 599 269 15 1515 599 269 16 1516 596 270 17 1517 593 270 18 1518 593 270 19 1519 591 270 20 1520 590 270 21 1521 590 269 22 1522 589 270 23 1523 587 272 24 1524 585 274 25 1525 584 276 26 1526 582 277 27 1527 583 279 28 1528 581 276 29 1529 579 276 30 1530 581 276 31 1531 583 275 32 1532 583 276 33 1533 584 277 34 1534 585 280 35 1535 586 282 36 1536 586 282 37 1537 585 281 38 1538 586 281 39 1539 587 284 40 1540 586 288 41 1541 586 291 42 1542 584 294 43 1543 582 295 44 1544 581 295 45 1545 582 294 46 1546 583 292 47 1547 581 290 48 1548 578 290 49 1549 578 292 50 1550 580 293 51 1551 583 295 52 1552 584 296 53 1553 583 294 54 1554 585 293 55 1555 586 293 56 1556 585 291 57 1557 585 291 58 1558 584 290 59 1559 584 287 60 1560 585 285 61 1561 587 284 62 1562 586 284 63 1563 585 287 64 1564 584 289 65 1565 582 293 66 1566 583 295 67 1567 581 295 68 1568 579 294 69 1569 580 292 70 1570 583 289 71 1571 586 285 72 1572 587 283 73 1573 586 284 74 1574 587 285 75 1575 587 287 76 1576 587 287 77 1577 587 286 78 1578 586 286 79 1579 586 285 80 1580 586 280 81 1581 586 278 82 1582 584 278 83 1583 584 279 84 1584 586 282 85 1585 584 286 86 1586 582 288 87 1587 579 289 88 1588 579 290 89 1589 581 290 90 1590 580 289 91 1591 580 291 92 1592 583 295 93 1593 581 293 94 1594 575 284 95 1595 577 279 96 1596 584 280 97 1597 587 281 98 1598 589 282 99 1599 592 282 
-0.120822 -0.084029 0.286150
 0 0 0
0 1600 720 273 1 1601 719 270 2 1602 720 269 3 1603 718 268 4 1604 717 268 5 1605 716 270 6 1606 716 272 7 1607 716 273 8 1608 714 275 9 1609 711 276 10 1610 710 276 11 1611 710 276 12 1612 708 275 13 1613 708 276 14 1614 709 275 15 1615 709 275 16 1616 706 275 17 1617 703 276 18 1618 703 276 19 1619 701 276 20 1620 700 276 21 1621 700 275 22 1622 699 275 23 1623 697 277 24 1624 695 280 25 1625 694 282 26 1626 692 283 27 1627 693 285 28 1628 691 282 29 1629 690 282 30 1630 691 282 31 1631 693 281 32 1632 693 282 33 1633 694 283 34 1634 695 286 35 1635 696 287 36 1636 696 288 37 1637 695 287 38 1638 696 287 39 1639 696 290 40 1640 696 294 41 1641 695 297 42 1642 694 300 43 1643 692 301 44 1644 691 301 45 1645 692 300 46 1646 692 297 47 1647 690 295 48 1648 688 296 49 1649 688 297 50 1650 690 299 51 1651 693 300 52 1652 694 301 53 1653 693 299 54 1654 695 298 55 1655 696 298 56 1656 695 296 57 1657 694 296 58 1658 694 295 59 1659 694 292 60 1660 694 290 61 1661 696 289 62 1662 695 288 63 1663 694 291 64 1664 694 293 65 1665 692 297 66 1666 693 299 67 1667 691 299 68 1668 689 298 69 1669 690 296 70 1670 693 292 71 1671 696 288 72 1672 697 286 73 1673 696 287 74 1674 696 288 75 1675 697 290 76 1676 697 290 77 1677 697 289 78 1678 696 289 79 1679 696 288 80 1680 696 284 81 1681 696 281 82 1682 694 281 83 1683 694 283 84 1684 696 286 85 1685 694 290 86 1686 692 292 87 1687 689 293 88 1688 689 294 89 1689 691 294 90 1690 690 293 91 1691 690 295 92 1692 693 298 93 1693 691 297 94 1694 685 288 95 1695 687 283 96 1696 694 283 97 1697 697 284 98 1698 699 286 99 1699 702 286 
-0.129578 -0.057629 0.314841
 126 131 139
0 1700 227 470 1 1701 226 467 2 1702 227 466 3 1703 225 466 4 1704 223 466 5 1705 222 467 6 1706 222 468 7 1707 221 469 8 1708 219 471 9 1709 216 472 10 1710 215 471 11 1711 215 471 12 1712 213 470 13 1713 212 470 14 1714 214 470 15 1715 214 470 16 1716 211 471 17 1717 207 470 18 1718 207 470 19 1719 206 471 20 1720 205 470 21 1721 205 469 22 1722 204 470 23 1723 202 473 24 1724 200 474 25 1725 199 476 26 1726 198 477 27 1727 198 478 28 1728 196 476 29 1729 195 477 30 1730 197 477 31 1731 199 476 32 1732 199 478 33 1733 200 479 34 1734 201 482 35 1735 201 483 36 1736 201 483 37 1737 199 481 38 1738 200 481 39 1739 201 483 40 1740 200 486 41 1741 199 489 42 1742 197 492 43 1743 195 492 44 1744 194 492 45 1745 195 492 46 1746 196 490 47 1747 194 489 48 1748 191 491 49 1749 191 492 50 1750 194 493 51 1751 197 495 52 1752 198 496 53 1753 197 494 54 1754 199 494 55 1755 199 493 56 1756 198 492 57 1757 197 493 58 1758 198 492 59 1759 198 490 60 1760 199 489 61 1761 202 488 62 1762 201 489 63 1763 201 493 64 1764 200 495 65 1765 199 499 66 1766 201 501 67 1767 199 502 68 1768 198 502 69 1769 201 501 70 1770 205 498 71 1771 209 495 72 1772 209 494 73 1773 208 495 74 1774 209 496 75 1775 210 499 76 1776 209 499 77 1777 210 498 78 1778 209 498 79 1779 209 496 80 1780 209 491 81 1781 208 490 82 1782 206 490 83 1783 208 491 84 1784 209 494 85 1785 207 497 86 1786 204 499 87 1787 201 499 88 1788 203 501 89 1789 204 500 90 1790 203 498 91 1791 203 501 92 1792 207 504 93 1793 202 500 94 1794 195 492 95 1795 199 489 96 1796 208 491 97 1797 211 494 98 1798 213 495 99 1799 216 493 
-0.156928 -0.108305 0.371660
 0 0 1
0 1800 720 277 1 1801 719 274 2 1802 720 273 3 1803 718 272 4 1804 717 272 5 1805 716 274 6 1806 716 276 7 1807 715 277 8 1808 714 279 9 1809 711 280 10 1810 710 280 11 1811 710 280 12 1812 708 279 13 1813 708 280 14 1814 709 279 15 1815 709 279 16 1816 706 279 17 1817 703 280 18 1818 703 280 19 1819 701 280 20 1820 700 280 21 1821 700 279 22 1822 699 279 23 1823 697 282 24 1824 695 284 25 1825 694 286 26 1826 692 287 27 1827 693 289 28 1828 691 286 29 1829 689 286 30 1830 691 286 31 1831 693 285 32 1832 693 286 33 1833 694 287 34 1834 695 290 35 1835 696 291 36 1836 695 292 37 1837 695 291 38 1838 696 291 39 1839 696 294 40 1840 696 298 41 1841 695 301 42 1842 694 304 43 1843 692 305 44 1844 691 305 45 1845 692 304 46 1846 692 301 47 1847 690 299 48 1848 688 300 49 1849 688 302 50 1850 690 303 51 1851 692 304 52 1852 694 305 53 1853 693 303 54 1854 695 302 55 1855 696 302 56 1856 695 300 57 1857 694 300 58 1858 694 299 59 1859 694 296 60 1860 694 294 61 1861 696 293 62 1862 695 292 63 1863 694 295 64 1864 694 297 65 1865 692 302 66 1866 693 303 67 1867 691 303 68 1868 689 302 69 1869 690 300 70 1870 693 296 71 1871 696 292 72 1872 697 290 73 1873 696 291 74 1874 696 292 75 1875 697 294 76 1876 697 294 77 1877 697 293 78 1878 696 293 79 1879 696 292 80 1880 696 288 81 1881 696 286 82 1882 694 285 83 1883 694 287 84 1884 696 290 85 1885 694 294 86 1886 692 296 87 1887 689 297 88 1888 689 298 89 1889 691 298 90 1890 690 297 91 1891 690 299 92 1892 693 302 93 1893 691 301 94 1894 685 292 95 1895 687 287 96 1896 694 287 97 1897 697 288 98 1898 699 290 99 1899 702 290 
-0.143148 -0.085689 0.295761
 164 167 174
0 1900 610 280 1 1901 609 277 2 1902 610 276 3 1903 608 275 4 1904 607 275 5 1905 606 277 6 1906 606 278 7 1907 605 280 8 1908 604 282 9 1909 601 283 10 1910 600 282 11 1911 600 282 12 1912 598 281 13 1913 597 282 14 1914 598 281 15 1915 599 281 16 1916 596 282 17 1917 593 282 18 1918 593 282 19 1919 591 282 20 1920 590 282 21 1921 590 281 22 1922 589 281 23 1923 587 284 24 1924 585 286 25 1925 584 288 26 1926 582 289 27 1927 582 291 28 1928 580 288 29 1929 579 288 30 1930 581 288 31 1931 583 287 32 1932 583 288 33 1933 584 289 34 1934 585 292 35 1935 586 293 36 1936 586 294 37 1937 585 293 38 1938 586 293 39 1939 587 296 40 1940 586 299 41 1941 586 303 42 1942 584 306 43 1943 582 307 44 1944 581 307 45 1945 582 306 46 1946 583 304 47 1947 581 301 48 1948 578 302 49 1949 578 304 50 1950 580 305 51 1951 583 307 52 1952 584 308 53 1953 583 306 54 1954 585 305 55 1955 586 304 56 1956 585 303 57 1957 585 303 58 1958 584 302 59 1959 584 299 60 1960 585 297 61 1961 587 296 62 1962 586 296 63 1963 585 299 64 1964 584 301 65 1965 582 305 66 1966 583 307 67 1967 581 307 68 1968 579 306 69 1969 580 304 70 1970 583 301 71 1971 587 297 72 1972 587 295 73 1973 586 296 74 1974 587 297 75 1975 587 299 76 1976 587 299 77 1977 587 298 78 1978 586 297 79 1979 586 296 80 1980 586 292 81 1981 586 290 82 1982 584 289 83 1983 584 291 84 1984 586 294 85 1985 584 298 86 1986 582 300 87 1987 579 301 88 1988 579 302 89 1989 581 302 90 1990 580 301 91 1991 580 303 92 1992 583 306 93 1993 581 304 94 1994 575 296 95 1995 577 291 96 1996 584 291 97 1997 587 293 98 1998 589 294 99 1999 592 294 
-0.151811 -0.090523 0.313661
 145 148 155
0 2000 610 282 1 2001 609 279 2 2002 610 278 3 2003 608 277 4 2004 607 277 5 2005 606 279 6 2006 606 280 7 2007 605 282 8 2008 604 284 9 2009 601 284 10 2010 600 284 11 2011 600 284 12 2012 598 283 13 2013 597 284 14 2014 598 283 15 2015 599 283 16 2016 596 283 17 2017 593 284 18 2018 592 284 19 2019 591 284 20 2020 590 284 21 2021 590 283 22 2022 589 283 23 2023 587 286 24 2024 585 288 25 2025 584 290 26 2026 582 291 27 2027 582 293 28 2028 580 290 29 2029 579 290 30 2030 581 290 31 2031 583 289 32 2032 583 290 33 2033 584 291 34 2034 585 294 35 2035 586 295 36 2036 586 296 37 2037 585 295 38 2038 586 295 39 2039 587 298 40 2040 586 301 41 2041 586 305 42 2042 584 308 43 2043 582 309 44 2044 581 309 45 2045 582 308 46 2046 583 306 47 2047 581 303 48 2048 578 304 49 2049 578 306 50 2050 580 307 51 2051 583 308 52 2052 584 310 53 2053 583 308 54 2054 585 307 55 2055 586 306 56 2056 585 305 57 2057 585 305 58 2058 584 304 59 2059 584 301 60 2060 585 299 61 2061 587 298 62 2062 586 298 63 2063 585 301 64 2064 584 302 65 2065 582 307 66 2066 583 309 67 2067 581 309 68 2068 579 308 69 2069 580 306 70 2070 583 303 71 2071 587 299 72 2072 587 297 73 2073 586 298 74 2074 587 298 75 2075 587 301 76 2076 587 301 77 2077 587 300 78 2078 586 299 79 2079 586 298 80 2080 586 294 81 2081 586 292 82 2082 584 291 83 2083 584 293 84 2084 586 296 85 2085 584 300 86 2086 582 302 87 2087 579 303 88 2088 579 304 89 2089 581 304 90 2090 580 303 91 2091 580 305 92 2092 583 308 93 2093 581 306 94 2094 575 298 95 2095 577 293 96 2096 584 293 97 2097 587 295 98 2098 589 296 99 2099 592 296 
-0.125393 -0.075643 0.259078
 223 226 233
0 2100 610 276 1 2101 609 273 2 2102 610 272 3 2103 608 271 4 2104 607 271 5 2105 606 273 6 2106 606 274 7 2107 605 276 8 2108 604 278 9 2109 601 279 10 2110 600 278 11 2111 600 278 12 2112 598 277 13 2113 597 278 14 2114 598 277 15 2115 599 277 16 2116 596 278 17 2117 593 278 18 2118 593 278 19 2119 591 278 20 2120 590 278 21 2121 590 277 22 2122 589 278 23 2123 587 280 24 2124 585 282 25 2125 584 284 26 2126 582 285 27 2127 582 287 28 2128 580 284 29 2129 579 284 30 2130 581 284 31 2131 583 283 32 2132 583 284 33 2133 584 285 34 2134 585 288 35 2135 586 290 36 2136 586 290 37 2137 585 289 38 2138 586 289 39 2139 587 292 40 2140 586 296 41 2141 586 299 42 2142 584 302 43 2143 582 303 44 2144 581 303 45 2145 582 302 46 2146 583 300 47 2147 581 297 48 2148 578 298 49 2149 578 300 50 2150 580 301 51 2151 583 302 52 2152 584 304 53 2153 583 302 54 2154 585 301 55 2155 586 301 56 2156 585 299 57 2157 585 299 58 2158 584 298 59 2159 584 295 60 2160 585 293 61 2161 587 292 62 2162 586 292 63 2163 585 295 64 2164 584 297 65 2165 582 301 66 2166 583 303 67 2167 581 303 68 2168 579 302 69 2169 580 300 70 2170 583 297 71 2171 587 293 72 2172 587 291 73 2173 586 292 74 2174 587 293 75 2175 587 295 76 2176 587 295 77 2177 587 294 78 2178 586 294 79 2179 586 293 80 2180 586 288 81 2181 586 286 82 2182 584 286 83 2183 584 287 84 2184 586 290 85 2185 584 294 86 2186 582 296 87 2187 579 297 88 2188 579 298 89 2189 581 298 90 2190 580 297 91 2191 580 299 92 2192 583 303 93 2193 581 301 94 2194 575 292 95 2195 577 287 96 2196 584 288 97 2197 587 289 98 2198 589 290 99 2199 592 290 
-0.138749 -0.060056 0.335295
 142 147 153
0 2200 223 477 1 2201 222 474 2 2202 223 473 3 2203 221 473 4 2204 219 473 5 2205 218 474 6 2206 218 475 7 2207 217 476 8 2208 215 478 9 2209 212 479 10 2210 211 478 11 2211 210 478 12 2212 208 477 13 2213 208 477 14 2214 210 477 15 2215 210 477 16 2216 207 478 17 2217 203 477 18 2218 203 477 19 2219 202 478 20 2220 201 477 21 2221 201 476 22 2222 200 478 23 2223 198 480 24 2224 196 481 25 2225 195 483 26 2226 194 484 27 2227 194 485 28 2228 192 483 29 2229 191 484 30 2230 193 484 31 2231 194 483 32 2232 195 485 33 2233 196 486 34 2234 197 489 35 2235 197 490 36 2236 197 490 37 2237 195 488 38 2238 196 488 39 2239 196 490 40 2240 195 493 41 2241 195 496 42 2242 193 499 43 2243 190 499 44 2244 190 499 45 2245 191 499 46 2246 191 497 47 2247 189 496 48 2248 186 497 49 2249 186 499 50 2250 189 500 51 2251 192 501 52 2252 193 503 53 2253 192 501 54 2254 194 501 55 2255 194 500 56 2256 194 499 57 2257 193 500 58 2258 193 499 59 2259 193 497 60 2260 195 496 61 2261 198 495 62 2262 197 496 63 2263 197 500 64 2264 196 502 65 2265 195 506 66 2266 197 508 67 2267 195 509 68 2268 194 509 69 2269 197 509 70 2270 201 505 71 2271 205 502 72 2272 206 501 73 2273 204 502 74 2274 205 504 75 2275 206 506 76 2276 206 506 77 2277 206 506 78 2278 205 505 79 2279 205 504 80 2280 205 499 81 2281 205 497 82 2282 203 497 83 2283 204 498 84 2284 205 501 85 2285 203 504 86 2286 200 506 87 2287 197 507 88 2288 199 508 89 2289 200 507 90 2290 199 506 91 2291 199 508 92 2292 203 511 93 2293 198 508 94 2294 191 499 95 2295 196 496 96 2296 204 499 97 2297 208 501 98 2298 209 502 99 2299 212 500 
-0.158240 -0.065966 0.344530
 16 14 15
0 2300 398 455 1 2301 397 452 2 2302 398 451 3 2303 396 451 4 2304 394 451 5 2305 393 452 6 2306 393 453 7 2307 392 455 8 2308 390 457 9 2309 388 457 10 2310 387 456 11 2311 387 456 12 2312 385 456 13 2313 384 456 14 2314 385 456 15 2315 386 456 16 2316 383 456 17 2317 379 456 18 2318 379 456 19 2319 378 457 20 2320 377 456 21 2321 377 455 22 2322 376 456 23 2323 374 458 24 2324 372 460 25 2325 370 462 26 2326 369 463 27 2327 369 464 28 2328 367 462 29 2329 366 462 30 2330 368 462 31 2331 370 462 32 2332 370 463 33 2333 372 465 34 2334 373 467 35 2335 373 468 36 2336 373 469 37 2337 372 467 38 2338 372 467 39 2339 373 469 40 2340 372 472 41 2341 372 475 42 2342 370 478 43 2343 368 478 44 2344 367 478 45 2345 368 478 46 2346 369 476 47 2347 367 474 48 2348 364 476 49 2349 365 477 50 2350 367 478 51 2351 370 479 52 2352 371 481 53 2353 370 479 54 2354 372 479 55 2355 373 478 56 2356 372 477 57 2357 372 478 58 2358 372 477 59 2359 372 474 60 2360 373 473 61 2361 375 472 62 2362 374 473 63 2363 374 476 64 2364 373 478 65 2365 371 483 66 2366 372 484 67 2367 371 485 68 2368 369 485 69 2369 371 484 70 2370 375 481 71 2371 379 477 72 2372 379 476 73 2373 378 477 74 2374 379 479 75 2375 380 481 76 2376 379 481 77 2377 380 480 78 2378 378 480 79 2379 378 479 80 2380 378 474 81 2381 377 472 82 2382 375 472 83 2383 377 474 84 2384 378 476 85 2385 375 480 86 2386 373 481 87 2387 370 482 88 2388 371 484 89 2389 372 483 90 2390 371 481 91 2391 371 484 92 2392 375 487 93 2393 371 484 94 2394 364 476 95 2395 368 472 96 2396 376 474 97 2397 379 476 98 2398 381 477 99 2399 385 476 
-0.142874 -0.061678 0.347621
 140 151 162
0 2400 228 480 1 2401 227 477 2 2402 228 476 3 2403 226 476 4 2404 224 476 5 2405 223 477 6 2406 223 478 7 2407 222 479 8 2408 220 481 9 2409 217 482 10 2410 216 481 11 2411 216 481 12 2412 214 480 13 2413 213 480 14 2414 215 480 15 2415 215 480 16 2416 212 481 17 2417 209 480 18 2418 208 480 19 2419 207 481 20 2420 206 480 21 2421 206 479 22 2422 205 480 23 2423 203 483 24 2424 201 484 25 2425 200 486 26 2426 198 487 27 2427 199 488 28 2428 196 486 29 2429 196 486 30 2430 198 486 31 2431 199 486 32 2432 199 488 33 2433 201 489 34 2434 202 492 35 2435 202 493 36 2436 202 493 37 2437 200 491 38 2438 201 491 39 2439 202 493 40 2440 201 496 41 2441 201 499 42 2442 199 502 43 2443 197 502 44 2444 196 503 45 2445 197 502 46 2446 198 501 47 2447 196 499 48 2448 194 501 49 2449 194 502 50 2450 197 504 51 2451 199 505 52 2452 201 506 53 2453 200 505 54 2454 202 505 55 2455 203 504 56 2456 202 503 57 2457 201 504 58 2458 201 503 59 2459 201 501 60 2460 203 499 61 2461 205 498 62 2462 203 500 63 2463 203 503 64 2464 202 505 65 2465 201 509 66 2466 202 511 67 2467 200 512 68 2468 199 512 69 2469 202 511 70 2470 205 508 71 2471 209 505 72 2472 210 504 73 2473 209 505 74 2474 210 506 75 2475 210 509 76 2476 210 509 77 2477 211 508 78 2478 209 508 79 2479 209 506 80 2480 209 501 81 2481 208 499 82 2482 206 500 83 2483 207 501 84 2484 209 503 85 2485 206 506 86 2486 204 508 87 2487 200 509 88 2488 202 510 89 2489 203 510 90 2490 202 508 91 2491 202 510 92 2492 206 513 93 2493 201 510 94 2494 194 501 95 2495 198 498 96 2496 207 501 97 2497 210 503 98 2498 212 504 99 2499 216 502 
-0.120058 -0.082220 0.284339
 0 0 0
0 2500 720 281 1 2501 719 278 2 2502 720 277 3 2503 718 276 4 2504 717 276 5 2505 716 278 6 2506 716 280 7 2507 715 281 8 2508 714 283 9 2509 711 284 10 2510 710 284 11 2511 710 284 12 2512 708 283 13 2513 708 284 14 2514 709 283 15 2515 709 283 16 2516 706 283 17 2517 703 284 18 2518 703 284 19 2519 701 284 20 2520 700 284 21 2521 700 283 22 2522 699 283 23 2523 697 285 24 2524 695 288 25 2525 694 290 26 2526 692 291 27 2527 693 292 28 2528 691 290 29 2529 690 290 30 2530 691 290 31 2531 693 288 32 2532 693 290 33 2533 694 291 34 2534 695 294 35 2535 696 295 36 2536 695 296 37 2537 695 295 38 2538 696 295 39 2539 696 298 40 2540 696 302 41 2541 695 305 42 2542 694 308 43 2543 692 309 44 2544 691 309 45 2545 692 308 46 2546 692 305 47 2547 690 303 48 2548 688 304 49 2549 688 306 50 2550 690 307 51 2551 693 308 52 2552 694 309 53 2553 693 307 54 2554 695 306 55 2555 696 306 56 2556 695 304 57 2557 694 304 58 2558 694 303 59 2559 694 300 60 2560 694 298 61 2561 696 297 62 2562 695 296 63 2563 694 299 64 2564 694 301 65 2565 692 306 66 2566 693 307 67 2567 691 307 68 2568 689 306 69 2569 690 304 70 2570 693 300 71 2571 696 296 72 2572 697 294 73 2573 696 295 74 2574 696 296 75 2575 697 298 76 2576 697 298 77 2577 697 297 78 2578 696 297 79 2579 696 296 80 2580 696 292 81 2581 696 289 82 2582 694 289 83 2583 694 290 84 2584 696 294 85 2585 694 297 86 2586 692 300 87 2587 689 300 88 2588 689 302 89 2589 691 302 90 2590 690 300 91 2591 690 303 92 2592 693 306 93 2593 691 304 94 2594 685 296 95 2595 687 291 96 2596 694 291 97 2597 697 292 98 2598 699 293 99 2599 702 294 
-0.121780 -0.052308 0.291128
 156 160 164
0 2600 215 476 1 2601 214 473 2 2602 215 472 3 2603 213 472 4 2604 211 472 5 2605 210 473 6 2606 210 474 7 2607 209 475 8 2608 207 477 9 2609 203 478 10 2610 202 477 11 2611 202 477 12 2612 200 476 13 2613 200 476 14 2614 201 476 15 2615 202 476 16 2616 199 477 17 2617 195 476 18 2618 195 476 19 2619 194 477 20 2620 193 476 21 2621 193 475 22 2622 192 476 23 2623 190 479 24 2624 188 480 25 2625 187 482 26 2626 186 483 27 2627 186 484 28 2628 184 482 29 2629 183 483 30 2630 185 483 31 2631 186 482 32 2632 187 484 33 2633 188 485 34 2634 189 488 35 2635 189 489 36 2636 188 489 37 2637 187 487 38 2638 187 487 39 2639 188 489 40 2640 187 492 41 2641 186 495 42 2642 184 498 43 2643 182 498 44 2644 181 498 45 2645 182 498 46 2646 183 496 47 2647 180 495 48 2648 178 496 49 2649 178 498 50 2650 181 499 51 2651 183 500 52 2652 185 502 53 2653 184 500 54 2654 186 500 55 2655 186 499 56 2656 185 498 57 2657 185 499 58 2658 185 498 59 2659 185 496 60 2660 187 495 61 2661 190 494 62 2662 189 495 63 2663 188 499 64 2664 188 500 65 2665 187 505 66 2666 188 507 67 2667 187 508 68 2668 186 508 69 2669 189 508 70 2670 193 505 71 2671 197 501 72 2672 198 500 73 2673 197 501 74 2674 198 503 75 2675 199 505 76 2676 198 505 77 2677 199 505 78 2678 198 504 79 2679 198 503 80 2680 197 498 81 2681 197 496 82 2682 195 496 83 2683 196 497 84 2684 198 500 85 2685 195 503 86 2686 192 505 87 2687 190 506 88 2688 191 507 89 2689 193 506 90 2690 191 505 91 2691 192 507 92 2692 196 510 93 2693 191 507 94 2694 184 498 95 2695 188 495 96 2696 197 498 97 2697 200 500 98 2698 202 501 99 2699 205 499 
-0.116050 -0.077827 0.273393
 0 0 0
0 2700 716 289 1 2701 715 286 2 2702 716 285 3 2703 714 284 4 2704 713 284 5 2705 712 286 6 2706 712 288 7 2707 711 289 8 2708 710 291 9 2709 707 292 10 2710 706 292 11 2711 706 292 12 2712 704 291 13 2713 704 292 14 2714 705 291 15 2715 705 291 16 2716 702 291 17 2717 699 292 18 2718 699 292 19 2719 697 292 20 2720 696 292 21 2721 696 290 22 2722 695 291 23 2723 693 293 24 2724 691 296 25 2725 690 298 26 2726 688 299 27 2727 689 300 28 2728 687 298 29 2729 686 298 30 2730 687 298 31 2731 689 296 32 2732 689 298 33 2733 690 299 34 2734 691 302 35 2735 692 303 36 2736 692 304 37 2737 691 302 38 2738 692 303 39 2739 692 306 40 2740 692 309 41 2741 691 313 42 2742 690 316 43 2743 688 317 44 2744 687 317 45 2745 688 316 46 2746 688 313 47 2747 686 311 48 2748 684 312 49 2749 684 314 50 2750 686 315 51 2751 689 316 52 2752 690 317 53 2753 689 315 54 2754 691 314 55 2755 692 314 56 2756 691 312 57 2757 690 312 58 2758 690 311 59 2759 690 308 60 2760 690 306 61 2761 693 305 62 2762 691 304 63 2763 690 307 64 2764 690 309 65 2765 688 313 66 2766 688 315 67 2767 687 315 68 2768 685 314 69 2769 686 312 70 2770 689 308 71 2771 693 304 72 2772 693 302 73 2773 692 303 74 2774 693 304 75 2775 693 305 76 2776 693 305 77 2777 693 305 78 2778 692 305 79 2779 692 304 80 2780 692 299 81 2781 692 297 82 2782 690 297 83 2783 690 298 84 2784 692 302 85 2785 690 305 86 2786 688 308 87 2787 685 308 88 2788 685 310 89 2789 687 310 90 2790 686 308 91 2791 686 311 92 2792 689 314 93 2793 687 312 94 2794 681 304 95 2795 683 299 96 2796 690 299 97 2797 693 300 98 2798 695 301 99 2799 698 302 
-0.117565 -0.049929 0.284102
 136 144 151
0 2800 223 483 1 2801 222 480 2 2802 223 479 3 2803 221 479 4 2804 219 479 5 2805 218 480 6 2806 218 481 7 2807 217 482 8 2808 215 484 9 2809 212 485 10 2810 211 484 11 2811 211 484 12 2812 209 483 13 2813 208 483 14 2814 210 483 15 2815 210 483 16 2816 207 484 17 2817 203 483 18 2818 203 483 19 2819 202 484 20 2820 201 483 21 2821 201 482 22 2822 200 484 23 2823 198 486 24 2824 196 487 25 2825 195 489 26 2826 194 490 27 2827 194 491 28 2828 192 489 29 2829 191 490 30 2830 193 490 31 2831 194 489 32 2832 195 491 33 2833 196 492 34 2834 197 495 35 2835 197 495 36 2836 196 496 37 2837 195 494 38 2838 196 493 39 2839 196 496 40 2840 195 498 41 2841 195 502 42 2842 193 505 43 2843 191 505 44 2844 190 505 45 2845 191 505 46 2846 192 503 47 2847 189 502 48 2848 186 503 49 2849 186 505 50 2850 189 506 51 2851 192 507 52 2852 193 509 53 2853 192 507 54 2854 194 507 55 2855 194 506 56 2856 194 505 57 2857 193 506 58 2858 193 505 59 2859 193 502 60 2860 195 501 61 2861 198 501 62 2862 197 502 63 2863 197 505 64 2864 196 507 65 2865 195 512 66 2866 196 513 67 2867 195 514 68 2868 194 515 69 2869 197 514 70 2870 201 511 71 2871 205 508 72 2872 206 507 73 2873 204 508 74 2874 205 509 75 2875 206 512 76 2876 206 512 77 2877 206 511 78 2878 205 511 79 2879 205 509 80 2880 205 504 81 2881 204 503 82 2882 202 503 83 2883 204 504 84 2884 205 507 85 2885 203 510 86 2886 200 512 87 2887 197 512 88 2888 198 514 89 2889 200 513 90 2890 198 511 91 2891 199 514 92 2892 203 517 93 2893 198 513 94 2894 191 505 95 2895 195 502 96 2896 204 504 97 2897 207 507 98 2898 209 508 99 2899 212 506 
-0.180699 -0.059841 0.349429
 2 2 0
0 2900 39 491 1 2901 38 488 2 2902 38 487 3 2903 37 487 4 2904 35 487 5 2905 34 488 6 2906 33 489 7 2907 33 490 8 2908 30 492 9 2909 27 492 10 2910 26 491 11 2911 26 491 12 2912 24 490 13 2913 23 490 14 2914 25 490 15 2915 25 490 16 2916 22 491 17 2917 18 490 18 2918 19 490 19 2919 17 491 20 2920 17 490 21 2921 16 489 22 2922 15 491 23 2923 13 493 24 2924 11 495 25 2925 10 496 26 2926 9 497 27 2927 9 498 28 2928 7 496 29 2929 6 497 30 2930 8 497 31 2931 9 496 32 2932 9 498 33 2933 11 500 34 2934 12 502 35 2935 12 503 36 2936 11 503 37 2937 10 501 38 2938 10 500 39 2939 11 503 40 2940 10 505 41 2941 9 509 42 2942 7 511 43 2943 5 512 44 2944 4 512 45 2945 5 512 46 2946 6 510 47 2947 3 509 48 2948 0 510 49 2949 0 512 50 2950 3 513 51 2951 6 515 52 2952 8 517 53 2953 7 515 54 2954 9 515 55 2955 9 514 56 2956 9 513 57 2957 8 514 58 2958 8 513 59 2959 8 511 60 2960 10 510 61 2961 13 510 62 2962 12 511 63 2963 12 515 64 2964 11 517 65 2965 10 522 66 2966 12 523 67 2967 10 525 68 2968 10 525 69 2969 13 525 70 2970 17 522 71 2971 21 519 72 2972 22 518 73 2973 21 519 74 2974 22 521 75 2975 23 524 76 2976 22 523 77 2977 23 523 78 2978 21 522 79 2979 22 520 80 2980 22 515 81 2981 21 514 82 2982 19 514 83 2983 20 515 84 2984 21 517 85 2985 19 520 86 2986 16 522 87 2987 13 523 88 2988 15 525 89 2989 16 524 90 2990 15 522 91 2991 15 524 92 2992 19 528 93 2993 14 523 94 2994 7 514 95 2995 11 512 96 2996 21 515 97 2997 24 518 98 2998 26 519 99 2999 29 516 
-0.133736 -0.059135 0.324060
 124 127 134
0 3000 225 471 1 3001 224 468 2 3002 225 467 3 3003 223 467 4 3004 221 467 5 3005 220 468 6 3006 220 469 7 3007 219 470 8 3008 217 472 9 3009 214 473 10 3010 213 472 11 3011 213 472 12 3012 211 471 13 3013 210 471 14 3014 212 471 15 3015 212 471 16 3016 209 472 17 3017 205 471 18 3018 205 471 19 3019 204 472 20 3020 203 471 21 3021 203 470 22 3022 202 472 23 3023 200 474 24 3024 198 475 25 3025 197 477 26 3026 196 478 27 3027 196 479 28 3028 194 477 29 3029 193 478 30 3030 195 478 31 3031 197 477 32 3032 197 479 33 3033 198 480 34 3034 199 483 35 3035 199 484 36 3036 199 484 37 3037 197 482 38 3038 198 482 39 3039 199 484 40 3040 198 487 41 3041 197 490 42 3042 195 493 43 3043 193 493 44 3044 192 493 45 3045 193 493 46 3046 194 491 47 3047 191 490 48 3048 189 491 49 3049 189 493 50 3050 192 494 51 3051 194 495 52 3052 196 497 53 3053 195 495 54 3054 197 495 55 3055 197 494 56 3056 196 493 57 3057 195 494 58 3058 196 493 59 3059 196 491 60 3060 197 490 61 3061 200 489 62 3062 199 490 63 3063 199 494 64 3064 198 496 65 3065 197 500 66 3066 199 502 67 3067 197 503 68 3068 196 503 69 3069 199 503 70 3070 203 499 71 3071 207 496 72 3072 207 495 73 3073 206 496 74 3074 207 498 75 3075 208 500 76 3076 208 500 77 3077 208 499 78 3078 207 499 79 3079 207 498 80 3080 207 493 81 3081 207 491 82 3082 205 491 83 3083 206 492 84 3084 207 495 85 3085 205 498 86 3086 202 500 87 3087 199 501 88 3088 201 502 89 3089 202 501 90 3090 201 500 91 3091 201 502 92 3092 205 505 93 3093 200 502 94 3094 194 493 95 3095 198 490 96 3096 206 493 97 3097 210 495 98 3098 212 496 99 3099 215 494 
-0.171716 -0.054216 0.336442
 0 0 0
0 3100 51 509 1 3101 50 506 2 3102 51 505 3 3103 48 505 4 3104 46 505 5 3105 45 506 6 3106 45 507 7 3107 45 508 8 3108 42 510 9 3109 39 510 10 3110 38 509 11 3111 38 509 12 3112 36 508 13 3113 35 509 14 3114 37 508 15 3115 37 508 16 3116 34 509 17 3117 30 508 18 3118 30 508 19 3119 29 509 20 3120 28 508 21 3121 28 507 22 3122 27 509 23 3123 25 511 24 3124 23 512 25 3125 22 514 26 3126 21 515 27 3127 21 516 28 3128 18 514 29 3129 18 515 30 3130 20 515 31 3131 21 514 32 3132 21 516 33 3133 23 518 34 3134 23 520 35 3135 24 521 36 3136 23 521 37 3137 22 519 38 3138 22 518 39 3139 23 521 40 3140 22 523 41 3141 21 527 42 3142 19 529 43 3143 17 530 44 3144 16 530 45 3145 17 530 46 3146 18 528 47 3147 15 527 48 3148 13 529 49 3149 13 530 50 3150 16 531 51 3151 18 533 52 3152 20 535 53 3153 19 533 54 3154 21 533 55 3155 21 532 56 3156 21 531 57 3157 20 532 58 3158 20 531 59 3159 21 529 60 3160 22 528 61 3161 25 527 62 3162 24 529 63 3163 24 532 64 3164 23 535 65 3165 22 539 66 3166 24 541 67 3167 22 542 68 3168 22 543 69 3169 25 543 70 3170 29 540 71 3171 33 537 72 3172 34 536 73 3173 33 537 74 3174 34 539 75 3175 35 541 76 3176 34 541 77 3177 35 540 78 3178 33 540 79 3179 33 538 80 3180 33 533 81 3181 33 531 82 3182 31 532 83 3183 32 533 84 3184 34 535 85 3185 31 538 86 3186 28 540 87 3187 25 541 88 3188 27 543 89 3189 28 542 90 3190 27 540 91 3191 27 542 92 3192 31 545 93 3193 26 541 94 3194 19 532 95 3195 23 529 96 3196 33 532 97 3197 36 535 98 3198 38 536 99 3199 41 534 
-0.141756 -0.076545 0.310539
 0 0 0
0 3200 403 613 1 3201 403 610 2 3202 403 609 3 3203 401 609 4 3204 399 609 5 3205 398 611 6 3206 398 612 7 3207 397 613 8 3208 395 615 9 3209 392 615 10 3210 391 615 11 3211 391 615 12 3212 389 614 13 3213 388 615 14 3214 390 614 15 3215 390 614 16 3216 387 615 17 3217 383 614 18 3218 383 615 19 3219 381 615 20 3220 381 614 21 3221 381 614 22 3222 380 615 23 3223 378 617 24 3224 376 619 25 3225 374 621 26 3226 373 622 27 3227 373 622 28 3228 371 620 29 3229 370 621 30 3230 373 621 31 3231 374 620 32 3232 374 622 33 3233 376 623 34 3234 377 626 35 3235 378 626 36 3236 377 626 37 3237 376 625 38 3238 376 625 39 3239 377 628 40 3240 376 630 41 3241 375 634 42 3242 374 636 43 3243 372 637 44 3244 371 637 45 3245 373 636 46 3246 373 634 47 3247 371 632 48 3248 369 634 49 3249 369 635 50 3250 372 636 51 3251 375 638 52 3252 376 639 53 3253 375 637 54 3254 378 637 55 3255 378 636 56 3256 377 635 57 3257 377 636 58 3258 377 634 59 3259 377 632 60 3260 378 630 61 3261 381 630 62 3262 380 631 63 3263 379 634 64 3264 378 636 65 3265 377 640 66 3266 378 642 67 3267 377 642 68 3268 376 642 69 3269 379 641 70 3270 383 638 71 3271 386 634 72 3272 386 634 73 3273 386 635 74 3274 386 636 75 3275 387 638 76 3276 387 638 77 3277 387 637 78 3278 386 637 79 3279 386 636 80 3280 385 631 81 3281 385 630 82 3282 383 630 83 3283 384 631 84 3284 385 634 85 3285 382 637 86 3286 379 639 87 3287 377 640 88 3288 378 641 89 3289 379 640 90 3290 378 639 91 3291 378 642 92 3292 239 710 93 3293 376 641 94 3294 370 632 95 3295 375 630 96 3296 384 631 97 3297 387 633 98 3298 389 634 99 3299 392 633 
-0.156883 -0.049642 0.308057
 0 0 0
0 3300 53 509 1 3301 52 506 2 3302 53 505 3 3303 50 505 4 3304 48 505 5 3305 47 506 6 3306 47 507 7 3307 47 508 8 3308 44 510 9 3309 41 510 10 3310 40 509 11 3311 40 509 12 3312 38 508 13 3313 37 509 14 3314 39 508 15 3315 39 508 16 3316 36 509 17 3317 32 508 18 3318 32 508 19 3319 31 509 20 3320 30 508 21 3321 30 507 22 3322 29 509 23 3323 27 511 24 3324 25 512 25 3325 24 514 26 3326 23 515 27 3327 23 516 28 3328 20 514 29 3329 20 515 30 3330 22 515 31 3331 23 514 32 3332 23 516 33 3333 25 518 34 3334 25 520 35 3335 26 521 36 3336 25 521 37 3337 24 519 38 3338 24 518 39 3339 25 521 40 3340 24 523 41 3341 23 527 42 3342 21 529 43 3343 19 530 44 3344 18 530 45 3345 19 530 46 3346 20 528 47 3347 17 527 48 3348 15 529 49 3349 15 530 50 3350 17 531 51 3351 20 533 52 3352 22 535 53 3353 21 533 54 3354 23 533 55 3355 23 532 56 3356 23 531 57 3357 22 532 58 3358 22 531 59 3359 22 529 60 3360 24 528 61 3361 27 527 62 3362 26 529 63 3363 26 532 64 3364 25 535 65 3365 24 539 66 3366 26 541 67 3367 25 542 68 3368 24 543 69 3369 27 543 70 3370 31 540 71 3371 35 537 72 3372 36 536 73 3373 35 537 74 3374 36 539 75 3375 37 541 76 3376 36 541 77 3377 37 540 78 3378 35 540 79 3379 35 538 80 3380 35 533 81 3381 35 531 82 3382 33 532 83 3383 34 533 84 3384 36 535 85 3385 33 538 86 3386 30 540 87 3387 27 541 88 3388 29 543 89 3389 30 541 90 3390 29 540 91 3391 29 542 92 3392 33 545 93 3393 28 541 94 3394 21 532 95 3395 25 529 96 3396 35 532 97 3397 38 535 98 3398 40 536 99 3399 43 534 
-0.114881 -0.049101 0.277617
 136 144 151
0 3400 223 481 1 3401 222 478 2 3402 223 477 3 3403 221 477 4 3404 219 477 5 3405 218 478 6 3406 218 479 7 3407 217 480 8 3408 215 482 9 3409 212 483 10 3410 210 482 11 3411 210 482 12 3412 208 481 13 3413 208 481 14 3414 210 481 15 3415 210 481 16 3416 207 482 17 3417 203 481 18 3418 203 481 19 3419 202 482 20 3420 201 481 21 3421 201 480 22 3422 200 482 23 3423 198 484 24 3424 196 485 25 3425 195 487 26 3426 194 488 27 3427 194 489 28 3428 192 487 29 3429 191 488 30 3430 193 488 31 3431 194 487 32 3432 195 489 33 3433 196 490 34 3434 197 493 35 3435 197 493 36 3436 196 494 37 3437 195 492 38 3438 196 492 39 3439 196 494 40 3440 195 497 41 3441 195 500 42 3442 193 503 43 3443 190 503 44 3444 190 503 45 3445 191 503 46 3446 191 501 47 3447 189 500 48 3448 186 501 49 3449 186 503 50 3450 189 504 51 3451 192 505 52 3452 193 507 53 3453 192 505 54 3454 194 505 55 3455 194 504 56 3456 193 503 57 3457 193 504 58 3458 193 503 59 3459 193 501 60 3460 195 499 61 3461 198 499 62 3462 197 500 63 3463 196 503 64 3464 196 505 65 3465 195 510 66 3466 196 512 67 3467 195 513 68 3468 194 513 69 3469 197 513 70 3470 201 509 71 3471 205 506 72 3472 205 505 73 3473 204 506 74 3474 205 508 75 3475 206 510 76 3476 206 510 77 3477 206 509 78 3478 205 509 79 3479 205 507 80 3480 205 502 81 3481 205 501 82 3482 203 501 83 3483 204 502 84 3484 205 505 85 3485 203 508 86 3486 200 510 87 3487 197 510 88 3488 199 512 89 3489 200 511 90 3490 199 509 91 3491 199 512 92 3492 203 515 93 3493 198 511 94 3494 191 503 95 3495 195 500 96 3496 204 502 97 3497 207 505 98 3498 209 506 99 3499 212 504 
-0.132112 -0.041294 0.257149
 0 0 0
0 3500 45 510 1 3501 44 507 2 3502 45 506 3 3503 42 506 4 3504 40 506 5 3505 39 507 6 3506 39 508 7 3507 39 509 8 3508 36 511 9 3509 33 511 10 3510 32 510 11 3511 32 510 12 3512 30 509 13 3513 29 509 14 3514 31 509 15 3515 31 509 16 3516 28 510 17 3517 24 509 18 3518 24 509 19 3519 23 510 20 3520 22 509 21 3521 22 508 22 3522 21 510 23 3523 19 512 24 3524 17 513 25 3525 16 515 26 3526 15 516 27 3527 15 517 28 3528 12 515 29 3529 12 516 30 3530 14 516 31 3531 15 515 32 3532 15 517 33 3533 17 519 34 3534 17 521 35 3535 18 522 36 3536 17 522 37 3537 16 520 38 3538 16 519 39 3539 17 522 40 3540 16 524 41 3541 15 528 42 3542 13 530 43 3543 11 531 44 3544 10 531 45 3545 11 531 46 3546 12 529 47 3547 9 528 48 3548 0 530 49 3549 0 531 50 3550 10 532 51 3551 13 534 52 3552 14 536 53 3553 13 534 54 3554 15 534 55 3555 15 533 56 3556 15 532 57 3557 14 533 58 3558 14 532 59 3559 14 530 60 3560 16 529 61 3561 19 529 62 3562 18 530 63 3563 18 534 64 3564 17 536 65 3565 16 540 66 3566 18 542 67 3567 16 543 68 3568 16 544 69 3569 19 544 70 3570 23 541 71 3571 27 538 72 3572 28 537 73 3573 27 538 74 3574 28 540 75 3575 29 542 76 3576 28 542 77 3577 29 541 78 3578 27 541 79 3579 27 539 80 3580 27 534 81 3581 27 532 82 3582 25 533 83 3583 26 534 84 3584 27 536 85 3585 25 539 86 3586 22 541 87 3587 19 542 88 3588 21 544 89 3589 22 543 90 3590 21 541 91 3591 21 543 92 3592 25 546 93 3593 20 542 94 3594 13 533 95 3595 17 530 96 3596 27 534 97 3597 30 537 98 3598 32 537 99 3599 35 535 
-0.225654 -0.112047 0.463007
 0 0 0
0 3600 604 365 1 3601 603 362 2 3602 604 361 3 3603 602 360 4 3604 601 360 5 3605 600 362 6 3606 600 363 7 3607 599 365 8 3608 597 367 9 3609 594 368 10 3610 593 367 11 3611 593 367 12 3612 592 366 13 3613 591 367 14 3614 592 366 15 3615 592 366 16 3616 590 367 17 3617 586 367 18 3618 586 367 19 3619 585 367 20 3620 584 367 21 3621 583 366 22 3622 582 367 23 3623 580 369 24 3624 578 371 25 3625 577 373 26 3626 576 374 27 3627 576 375 28 3628 574 373 29 3629 573 373 30 3630 575 373 31 3631 576 372 32 3632 577 373 33 3633 578 374 34 3634 579 377 35 3635 580 378 36 3636 579 379 37 3637 578 377 38 3638 579 378 39 3639 580 381 40 3640 579 384 41 3641 579 387 42 3642 578 390 43 3643 576 391 44 3644 575 391 45 3645 576 390 46 3646 576 388 47 3647 574 386 48 3648 572 387 49 3649 572 388 50 3650 574 389 51 3651 577 391 52 3652 578 392 53 3653 577 390 54 3654 579 389 55 3655 580 389 56 3656 579 387 57 3657 578 387 58 3658 578 387 59 3659 578 384 60 3660 579 382 61 3661 581 380 62 3662 580 381 63 3663 579 384 64 3664 578 385 65 3665 577 390 66 3666 578 391 67 3667 576 392 68 3668 574 390 69 3669 576 389 70 3670 579 385 71 3671 582 381 72 3672 583 380 73 3673 582 381 74 3674 582 382 75 3675 583 384 76 3676 583 384 77 3677 583 383 78 3678 582 383 79 3679 582 382 80 3680 582 377 81 3681 581 375 82 3682 579 375 83 3683 580 376 84 3684 582 380 85 3685 580 383 86 3686 577 385 87 3687 574 386 88 3688 575 388 89 3689 577 387 90 3690 576 386 91 3691 575 388 92 3692 579 392 93 3693 576 389 94 3694 570 381 95 3695 572 376 96 3696 580 377 97 3697 583 378 98 3698 585 380 99 3699 588 379 
-0.231298 -0.075844 0.447276
 0 0 0
0 3700 39 494 1 3701 38 491 2 3702 38 490 3 3703 36 490 4 3704 35 489 5 3705 34 491 6 3706 33 492 7 3707 33 493 8 3708 30 495 9 3709 27 495 10 3710 26 494 11 3711 26 494 12 3712 24 493 13 3713 23 493 14 3714 25 493 15 3715 25 493 16 3716 22 494 17 3717 19 493 18 3718 19 493 19 3719 17 494 20 3720 17 493 21 3721 16 492 22 3722 15 494 23 3723 13 496 24 3724 11 497 25 3725 10 499 26 3726 9 501 27 3727 9 501 28 3728 7 499 29 3729 6 500 30 3730 8 500 31 3731 9 499 32 3732 10 501 33 3733 11 503 34 3734 12 505 35 3735 12 506 36 3736 11 506 37 3737 10 504 38 3738 10 503 39 3739 11 506 40 3740 10 508 41 3741 9 512 42 3742 7 514 43 3743 5 515 44 3744 4 515 45 3745 5 515 46 3746 6 513 47 3747 3 512 48 3748 0 513 49 3749 0 515 50 3750 3 516 51 3751 6 518 52 3752 8 520 53 3753 7 518 54 3754 9 518 55 3755 9 517 56 3756 9 516 57 3757 8 517 58 3758 8 516 59 3759 8 514 60 3760 10 513 61 3761 13 513 62 3762 12 514 63 3763 12 518 64 3764 11 520 65 3765 10 525 66 3766 12 526 67 3767 10 528 68 3768 10 529 69 3769 13 528 70 3770 17 525 71 3771 21 522 72 3772 22 521 73 3773 21 522 74 3774 22 524 75 3775 23 527 76 3776 22 526 77 3777 23 526 78 3778 21 525 79 3779 22 523 80 3780 22 518 81 3781 21 517 82 3782 19 517 83 3783 20 518 84 3784 22 520 85 3785 19 523 86 3786 16 525 87 3787 13 526 88 3788 15 528 89 3789 16 527 90 3790 15 525 91 3791 15 527 92 3792 19 531 93 3793 14 526 94 3794 7 517 95 3795 11 515 96 3796 21 518 97 3797 24 521 98 3798 26 522 99 3799 29 519 
-0.179959 -0.064546 0.380651
 0 0 0
0 3800 118 494 1 3801 117 491 2 3802 118 490 3 3803 116 490 4 3804 114 490 5 3805 113 491 6 3806 112 492 7 3807 112 493 8 3808 109 495 9 3809 106 495 10 3810 105 494 11 3811 105 494 12 3812 103 493 13 3813 103 494 14 3814 104 493 15 3815 104 493 16 3816 101 494 17 3817 98 493 18 3818 98 494 19 3819 96 494 20 3820 96 493 21 3821 95 493 22 3822 95 494 23 3823 93 496 24 3824 91 498 25 3825 89 500 26 3826 88 501 27 3827 89 501 28 3828 86 499 29 3829 85 500 30 3830 87 500 31 3831 89 499 32 3832 89 501 33 3833 90 503 34 3834 91 505 35 3835 92 506 36 3836 91 507 37 3837 89 504 38 3838 90 504 39 3839 90 506 40 3840 89 509 41 3841 89 512 42 3842 87 515 43 3843 85 515 44 3844 84 515 45 3845 85 515 46 3846 86 513 47 3847 83 512 48 3848 80 514 49 3849 80 515 50 3850 83 516 51 3851 86 518 52 3852 87 520 53 3853 86 518 54 3854 88 518 55 3855 89 517 56 3856 88 516 57 3857 87 517 58 3858 87 516 59 3859 88 514 60 3860 89 513 61 3861 92 512 62 3862 91 514 63 3863 91 517 64 3864 91 519 65 3865 90 524 66 3866 91 525 67 3867 90 527 68 3868 89 527 69 3869 92 527 70 3870 96 524 71 3871 100 521 72 3872 101 520 73 3873 100 521 74 3874 101 522 75 3875 102 525 76 3876 101 525 77 3877 102 524 78 3878 100 524 79 3879 101 522 80 3880 101 517 81 3881 100 515 82 3882 98 516 83 3883 99 517 84 3884 101 519 85 3885 98 522 86 3886 95 524 87 3887 92 525 88 3888 94 527 89 3889 96 526 90 3890 94 524 91 3891 95 526 92 3892 99 529 93 3893 93 525 94 3894 86 516 95 3895 91 514 96 3896 100 517 97 3897 103 519 98 3898 105 520 99 3899 108 518 
-0.129543 -0.091846 0.305181
 0 0 0
0 3900 716 260 1 3901 715 257 2 3902 716 255 3 3903 714 255 4 3904 713 255 5 3905 712 257 6 3906 712 259 7 3907 711 260 8 3908 710 262 9 3909 707 263 10 3910 706 263 11 3911 706 263 12 3912 704 262 13 3913 704 263 14 3914 705 262 15 3915 705 262 16 3916 702 262 17 3917 699 263 18 3918 699 263 19 3919 697 263 20 3920 697 263 21 3921 696 262 22 3922 695 262 23 3923 693 264 24 3924 691 267 25 3925 690 269 26 3926 688 270 27 3927 689 271 28 3928 687 269 29 3929 685 269 30 3930 687 269 31 3931 689 268 32 3932 689 269 33 3933 690 270 34 3934 691 273 35 3935 692 274 36 3936 692 275 37 3937 691 274 38 3938 692 274 39 3939 692 277 40 3940 692 281 41 3941 691 284 42 3942 690 287 43 3943 688 288 44 3944 687 288 45 3945 688 287 46 3946 688 285 47 3947 686 282 48 3948 684 283 49 3949 684 285 50 3950 686 286 51 3951 689 287 52 3952 690 288 53 3953 689 287 54 3954 691 286 55 3955 692 285 56 3956 691 283 57 3957 690 283 58 3958 690 283 59 3959 690 279 60 3960 690 277 61 3961 692 276 62 3962 691 275 63 3963 690 279 64 3964 690 280 65 3965 688 285 66 3966 688 286 67 3967 687 286 68 3968 684 285 69 3969 685 283 70 3970 688 279 71 3971 692 275 72 3972 693 273 73 3973 692 274 74 3974 692 274 75 3975 693 276 76 3976 692 276 77 3977 693 276 78 3978 692 275 79 3979 692 275 80 3980 692 271 81 3981 692 268 82 3982 690 267 83 3983 690 269 84 3984 692 272 85 3985 690 276 86 3986 687 279 87 3987 684 279 88 3988 685 281 89 3989 687 281 90 3990 686 279 91 3991 686 282 92 3992 689 285 93 3993 687 283 94 3994 681 275 95 3995 683 270 96 3996 690 270 97 3997 693 271 98 3998 694 272 99 3999 698 273 
